<?xml version="1.0" encoding="UTF-8"?>
<!-- Generated by org.testng.reporters.JUnitReportReporter -->
<testsuite skipped="0" hostname="DESKTOP-RTOOT5Q" name="browsers.SeleniumBasics" tests="1" failures="0" timestamp="2020-06-11T09:16:30 IST" time="55.342" errors="1">
  <testcase name="testApp" time="55.342" classname="browsers.SeleniumBasics">
    <error type="org.openqa.selenium.SessionNotCreatedException" message="session not created
from chrome not reachable
  (Session info: MicrosoftEdge=83.0.478.45)
Build info: version: &#039;4.0.0-alpha-6&#039;, revision: &#039;5f43a29cfc&#039;
System info: host: &#039;DESKTOP-RTOOT5Q&#039;, ip: &#039;192.168.1.18&#039;, os.name: &#039;Windows 8.1&#039;, os.arch: &#039;amd64&#039;, os.version: &#039;6.3&#039;, java.version: &#039;1.8.0_05&#039;
Driver info: driver.version: EdgeDriver
remote stacktrace: Backtrace:
	Ordinal0 [0x00007FF633D01BD2+3414994]
	Ordinal0 [0x00007FF633BD75C2+2192834]
	Ordinal0 [0x00007FF633A74622+738850]
	Ordinal0 [0x00007FF633A6AD91+699793]
	Ordinal0 [0x00007FF633A6B785+702341]
	Ordinal0 [0x00007FF633A6CBE9+707561]
	Ordinal0 [0x00007FF633A672F5+684789]
	Ordinal0 [0x00007FF633A756D2+743122]
	Ordinal0 [0x00007FF633A01721+268065]
	Ordinal0 [0x00007FF6339FD68F+251535]
	Ordinal0 [0x00007FF6339DA663+108131]
	Ordinal0 [0x00007FF6339DB9CE+113102]
	Ordinal0 [0x00007FF633BF2501+2303233]
	GetHandleVerifier [0x00007FF633E7E584+1425860]
	GetHandleVerifier [0x00007FF633E7E34A+1425290]
	GetHandleVerifier [0x00007FF633E96301+1523521]
	GetHandleVerifier [0x00007FF633E7EB9B+1427419]
	Ordinal0 [0x00007FF633BE87A7+2262951]
	Ordinal0 [0x00007FF633BF3EDA+2309850]
	Ordinal0 [0x00007FF633C120D8+2433240]
	BaseThreadInitThunk [0x00007FFE896E7BD4+20]
	RtlUserThreadStart [0x00007FFE8A7CCE51+33]
">
      <![CDATA[org.openqa.selenium.SessionNotCreatedException: session not created
from chrome not reachable
  (Session info: MicrosoftEdge=83.0.478.45)
Build info: version: '4.0.0-alpha-6', revision: '5f43a29cfc'
System info: host: 'DESKTOP-RTOOT5Q', ip: '192.168.1.18', os.name: 'Windows 8.1', os.arch: 'amd64', os.version: '6.3', java.version: '1.8.0_05'
Driver info: driver.version: EdgeDriver
remote stacktrace: Backtrace:
Ordinal0 [0x00007FF633D01BD2+3414994]
Ordinal0 [0x00007FF633BD75C2+2192834]
Ordinal0 [0x00007FF633A74622+738850]
Ordinal0 [0x00007FF633A6AD91+699793]
Ordinal0 [0x00007FF633A6B785+702341]
Ordinal0 [0x00007FF633A6CBE9+707561]
Ordinal0 [0x00007FF633A672F5+684789]
Ordinal0 [0x00007FF633A756D2+743122]
Ordinal0 [0x00007FF633A01721+268065]
Ordinal0 [0x00007FF6339FD68F+251535]
Ordinal0 [0x00007FF6339DA663+108131]
Ordinal0 [0x00007FF6339DB9CE+113102]
Ordinal0 [0x00007FF633BF2501+2303233]
GetHandleVerifier [0x00007FF633E7E584+1425860]
GetHandleVerifier [0x00007FF633E7E34A+1425290]
GetHandleVerifier [0x00007FF633E96301+1523521]
GetHandleVerifier [0x00007FF633E7EB9B+1427419]
Ordinal0 [0x00007FF633BE87A7+2262951]
Ordinal0 [0x00007FF633BF3EDA+2309850]
Ordinal0 [0x00007FF633C120D8+2433240]
BaseThreadInitThunk [0x00007FFE896E7BD4+20]
RtlUserThreadStart [0x00007FFE8A7CCE51+33]

at sun.reflect.NativeConstructorAccessorImpl.newInstance0(Native Method)
at sun.reflect.NativeConstructorAccessorImpl.newInstance(NativeConstructorAccessorImpl.java:62)
at sun.reflect.DelegatingConstructorAccessorImpl.newInstance(DelegatingConstructorAccessorImpl.java:45)
at java.lang.reflect.Constructor.newInstance(Constructor.java:408)
at org.openqa.selenium.remote.W3CHandshakeResponse.lambda$errorHandler$0(W3CHandshakeResponse.java:62)
at org.openqa.selenium.remote.W3CHandshakeResponse$$Lambda$269/873309260.apply(Unknown Source)
at org.openqa.selenium.remote.HandshakeResponse.lambda$getResponseFunction$0(HandshakeResponse.java:30)
at org.openqa.selenium.remote.HandshakeResponse$$Lambda$266/649769713.apply(Unknown Source)
at org.openqa.selenium.remote.ProtocolHandshake.lambda$createSession$1(ProtocolHandshake.java:126)
at org.openqa.selenium.remote.ProtocolHandshake$$Lambda$267/1800649922.apply(Unknown Source)
at java.util.stream.ReferencePipeline$3$1.accept(ReferencePipeline.java:193)
at java.util.Spliterators$ArraySpliterator.tryAdvance(Spliterators.java:958)
at java.util.stream.ReferencePipeline.forEachWithCancel(ReferencePipeline.java:126)
at java.util.stream.AbstractPipeline.copyIntoWithCancel(AbstractPipeline.java:529)
at java.util.stream.AbstractPipeline.copyInto(AbstractPipeline.java:516)
at java.util.stream.AbstractPipeline.wrapAndCopyInto(AbstractPipeline.java:502)
at java.util.stream.FindOps$FindOp.evaluateSequential(FindOps.java:152)
at java.util.stream.AbstractPipeline.evaluate(AbstractPipeline.java:234)
at java.util.stream.ReferencePipeline.findFirst(ReferencePipeline.java:464)
at org.openqa.selenium.remote.ProtocolHandshake.createSession(ProtocolHandshake.java:128)
at org.openqa.selenium.remote.ProtocolHandshake.createSession(ProtocolHandshake.java:75)
at org.openqa.selenium.remote.HttpCommandExecutor.execute(HttpCommandExecutor.java:138)
at org.openqa.selenium.remote.service.DriverCommandExecutor.execute(DriverCommandExecutor.java:83)
at org.openqa.selenium.remote.RemoteWebDriver.execute(RemoteWebDriver.java:582)
at org.openqa.selenium.remote.RemoteWebDriver.startSession(RemoteWebDriver.java:216)
at org.openqa.selenium.remote.RemoteWebDriver.<init>(RemoteWebDriver.java:136)
at org.openqa.selenium.chromium.ChromiumDriver.<init>(ChromiumDriver.java:75)
at org.openqa.selenium.edge.EdgeDriver.<init>(EdgeDriver.java:111)
at org.openqa.selenium.edge.EdgeDriver.<init>(EdgeDriver.java:103)
at org.openqa.selenium.edge.EdgeDriver.<init>(EdgeDriver.java:100)
at browsers.SeleniumBasics.testApp(SeleniumBasics.java:32)
at sun.reflect.NativeMethodAccessorImpl.invoke0(Native Method)
at sun.reflect.NativeMethodAccessorImpl.invoke(NativeMethodAccessorImpl.java:62)
at sun.reflect.DelegatingMethodAccessorImpl.invoke(DelegatingMethodAccessorImpl.java:43)
at java.lang.reflect.Method.invoke(Method.java:483)
at org.testng.internal.MethodInvocationHelper.invokeMethod(MethodInvocationHelper.java:133)
at org.testng.internal.TestInvoker.invokeMethod(TestInvoker.java:584)
at org.testng.internal.TestInvoker.invokeTestMethod(TestInvoker.java:172)
at org.testng.internal.MethodRunner.runInSequence(MethodRunner.java:46)
at org.testng.internal.TestInvoker$MethodInvocationAgent.invoke(TestInvoker.java:804)
at org.testng.internal.TestInvoker.invokeTestMethods(TestInvoker.java:145)
at org.testng.internal.TestMethodWorker.invokeTestMethods(TestMethodWorker.java:146)
at org.testng.internal.TestMethodWorker.run(TestMethodWorker.java:128)
at org.testng.TestRunner$$Lambda$44/103887628.accept(Unknown Source)
at java.util.ArrayList.forEach(ArrayList.java:1234)
at org.testng.TestRunner.privateRun(TestRunner.java:770)
at org.testng.TestRunner.run(TestRunner.java:591)
at org.testng.SuiteRunner.runTest(SuiteRunner.java:402)
at org.testng.SuiteRunner.runSequentially(SuiteRunner.java:396)
at org.testng.SuiteRunner.privateRun(SuiteRunner.java:355)
at org.testng.SuiteRunner.run(SuiteRunner.java:304)
at org.testng.SuiteRunnerWorker.runSuite(SuiteRunnerWorker.java:53)
at org.testng.SuiteRunnerWorker.run(SuiteRunnerWorker.java:96)
at org.testng.TestNG.runSuitesSequentially(TestNG.java:1180)
at org.testng.TestNG.runSuitesLocally(TestNG.java:1102)
at org.testng.TestNG.runSuites(TestNG.java:1032)
at org.testng.TestNG.run(TestNG.java:1000)
at org.testng.remote.AbstractRemoteTestNG.run(AbstractRemoteTestNG.java:115)
at org.testng.remote.RemoteTestNG.initAndRun(RemoteTestNG.java:251)
at org.testng.remote.RemoteTestNG.main(RemoteTestNG.java:77)
]]>
    </error>
  </testcase> <!-- testApp -->
</testsuite> <!-- browsers.SeleniumBasics -->
